<?xml version="1.0" encoding="UTF-8" ?>
<testsuite tests="6" failures="0" name="com.example.jdbcdemo.service.AutorManagerTest" time="0.053" errors="0" skipped="0">
  <properties>
[...]
</properties>
  <testcase classname="com.example.jdbcdemo.service.AutorManagerTest" name="modifyAutorTest" time="0.007"/>
  <testcase classname="com.example.jdbcdemo.service.AutorManagerTest" name="deleteAutorTest" time="0.003"/>
  <testcase classname="com.example.jdbcdemo.service.AutorManagerTest" name="getAutorTest" time="0"/>
  <testcase classname="com.example.jdbcdemo.service.AutorManagerTest" name="getAllAutorsTest" time="0.026"/>
  <testcase classname="com.example.jdbcdemo.service.AutorManagerTest" name="addAutorTest" time="0.017"/>
  <testcase classname="com.example.jdbcdemo.service.AutorManagerTest" name="getConnectionTest" time="0"/>
</testsuite>